Symlinking /home/gents/ariac2020/ws/devel/etc/catkin/profile.d/cmake.lock
Symlinking /home/gents/ariac2020/ws/devel/etc/catkin/profile.d/99_nist_gear_setup.sh
Symlinking /home/gents/ariac2020/ws/devel/share/common-lisp/ros/nist_gear/srv/AGVControl.lisp
Symlinking /home/gents/ariac2020/ws/devel/share/common-lisp/ros/nist_gear/srv/nist_gear-srv.asd
Symlinking /home/gents/ariac2020/ws/devel/share/common-lisp/ros/nist_gear/srv/DroneControl.lisp
Symlinking /home/gents/ariac2020/ws/devel/share/common-lisp/ros/nist_gear/srv/PopulationControl.lisp
Symlinking /home/gents/ariac2020/ws/devel/share/common-lisp/ros/nist_gear/srv/_package.lisp
Symlinking /home/gents/ariac2020/ws/devel/share/common-lisp/ros/nist_gear/srv/DetectShipment.lisp
Symlinking /home/gents/ariac2020/ws/devel/share/common-lisp/ros/nist_gear/srv/_package_SubmitShipment.lisp
Symlinking /home/gents/ariac2020/ws/devel/share/common-lisp/ros/nist_gear/srv/_package_DroneControl.lisp
Symlinking /home/gents/ariac2020/ws/devel/share/common-lisp/ros/nist_gear/srv/_package_GetMaterialLocations.lisp
Symlinking /home/gents/ariac2020/ws/devel/share/common-lisp/ros/nist_gear/srv/_package_ConveyorBeltControl.lisp
Symlinking /home/gents/ariac2020/ws/devel/share/common-lisp/ros/nist_gear/srv/VacuumGripperControl.lisp
Symlinking /home/gents/ariac2020/ws/devel/share/common-lisp/ros/nist_gear/srv/ConveyorBeltControl.lisp
Symlinking /home/gents/ariac2020/ws/devel/share/common-lisp/ros/nist_gear/srv/_package_DetectShipment.lisp
Symlinking /home/gents/ariac2020/ws/devel/share/common-lisp/ros/nist_gear/srv/GetMaterialLocations.lisp
Symlinking /home/gents/ariac2020/ws/devel/share/common-lisp/ros/nist_gear/srv/SubmitShipment.lisp
Symlinking /home/gents/ariac2020/ws/devel/share/common-lisp/ros/nist_gear/srv/SubmitTray.lisp
Symlinking /home/gents/ariac2020/ws/devel/share/common-lisp/ros/nist_gear/srv/_package_VacuumGripperControl.lisp
Symlinking /home/gents/ariac2020/ws/devel/share/common-lisp/ros/nist_gear/srv/_package_PopulationControl.lisp
Symlinking /home/gents/ariac2020/ws/devel/share/common-lisp/ros/nist_gear/srv/_package_SubmitTray.lisp
Symlinking /home/gents/ariac2020/ws/devel/share/common-lisp/ros/nist_gear/srv/_package_AGVControl.lisp
Symlinking /home/gents/ariac2020/ws/devel/share/common-lisp/ros/nist_gear/msg/_package_Proximity.lisp
Symlinking /home/gents/ariac2020/ws/devel/share/common-lisp/ros/nist_gear/msg/_package_Model.lisp
Symlinking /home/gents/ariac2020/ws/devel/share/common-lisp/ros/nist_gear/msg/_package.lisp
Symlinking /home/gents/ariac2020/ws/devel/share/common-lisp/ros/nist_gear/msg/Proximity.lisp
Symlinking /home/gents/ariac2020/ws/devel/share/common-lisp/ros/nist_gear/msg/StorageUnit.lisp
Symlinking /home/gents/ariac2020/ws/devel/share/common-lisp/ros/nist_gear/msg/VacuumGripperState.lisp
Symlinking /home/gents/ariac2020/ws/devel/share/common-lisp/ros/nist_gear/msg/_package_LogicalCameraImage.lisp
Symlinking /home/gents/ariac2020/ws/devel/share/common-lisp/ros/nist_gear/msg/LogicalCameraImage.lisp
Symlinking /home/gents/ariac2020/ws/devel/share/common-lisp/ros/nist_gear/msg/PopulationState.lisp
Symlinking /home/gents/ariac2020/ws/devel/share/common-lisp/ros/nist_gear/msg/Shipment.lisp
Symlinking /home/gents/ariac2020/ws/devel/share/common-lisp/ros/nist_gear/msg/Product.lisp
Symlinking /home/gents/ariac2020/ws/devel/share/common-lisp/ros/nist_gear/msg/DetectedShipment.lisp
Symlinking /home/gents/ariac2020/ws/devel/share/common-lisp/ros/nist_gear/msg/_package_ConveyorBeltState.lisp
Symlinking /home/gents/ariac2020/ws/devel/share/common-lisp/ros/nist_gear/msg/_package_DetectedProduct.lisp
Symlinking /home/gents/ariac2020/ws/devel/share/common-lisp/ros/nist_gear/msg/_package_VacuumGripperState.lisp
Symlinking /home/gents/ariac2020/ws/devel/share/common-lisp/ros/nist_gear/msg/_package_Shipment.lisp
Symlinking /home/gents/ariac2020/ws/devel/share/common-lisp/ros/nist_gear/msg/DetectedProduct.lisp
Symlinking /home/gents/ariac2020/ws/devel/share/common-lisp/ros/nist_gear/msg/_package_Order.lisp
Symlinking /home/gents/ariac2020/ws/devel/share/common-lisp/ros/nist_gear/msg/_package_PopulationState.lisp
Symlinking /home/gents/ariac2020/ws/devel/share/common-lisp/ros/nist_gear/msg/_package_DetectedShipment.lisp
Symlinking /home/gents/ariac2020/ws/devel/share/common-lisp/ros/nist_gear/msg/Order.lisp
Symlinking /home/gents/ariac2020/ws/devel/share/common-lisp/ros/nist_gear/msg/nist_gear-msg.asd
Symlinking /home/gents/ariac2020/ws/devel/share/common-lisp/ros/nist_gear/msg/_package_StorageUnit.lisp
Symlinking /home/gents/ariac2020/ws/devel/share/common-lisp/ros/nist_gear/msg/Model.lisp
Symlinking /home/gents/ariac2020/ws/devel/share/common-lisp/ros/nist_gear/msg/_package_Product.lisp
Symlinking /home/gents/ariac2020/ws/devel/share/common-lisp/ros/nist_gear/msg/ConveyorBeltState.lisp
Symlinking /home/gents/ariac2020/ws/devel/share/gennodejs/ros/nist_gear/_index.js
Symlinking /home/gents/ariac2020/ws/devel/share/gennodejs/ros/nist_gear/srv/GetMaterialLocations.js
Symlinking /home/gents/ariac2020/ws/devel/share/gennodejs/ros/nist_gear/srv/VacuumGripperControl.js
Symlinking /home/gents/ariac2020/ws/devel/share/gennodejs/ros/nist_gear/srv/PopulationControl.js
Symlinking /home/gents/ariac2020/ws/devel/share/gennodejs/ros/nist_gear/srv/ConveyorBeltControl.js
Symlinking /home/gents/ariac2020/ws/devel/share/gennodejs/ros/nist_gear/srv/SubmitShipment.js
Symlinking /home/gents/ariac2020/ws/devel/share/gennodejs/ros/nist_gear/srv/_index.js
Symlinking /home/gents/ariac2020/ws/devel/share/gennodejs/ros/nist_gear/srv/DetectShipment.js
Symlinking /home/gents/ariac2020/ws/devel/share/gennodejs/ros/nist_gear/srv/SubmitTray.js
Symlinking /home/gents/ariac2020/ws/devel/share/gennodejs/ros/nist_gear/srv/AGVControl.js
Symlinking /home/gents/ariac2020/ws/devel/share/gennodejs/ros/nist_gear/srv/DroneControl.js
Symlinking /home/gents/ariac2020/ws/devel/share/gennodejs/ros/nist_gear/msg/LogicalCameraImage.js
Symlinking /home/gents/ariac2020/ws/devel/share/gennodejs/ros/nist_gear/msg/VacuumGripperState.js
Symlinking /home/gents/ariac2020/ws/devel/share/gennodejs/ros/nist_gear/msg/ConveyorBeltState.js
Symlinking /home/gents/ariac2020/ws/devel/share/gennodejs/ros/nist_gear/msg/Product.js
Symlinking /home/gents/ariac2020/ws/devel/share/gennodejs/ros/nist_gear/msg/Order.js
Symlinking /home/gents/ariac2020/ws/devel/share/gennodejs/ros/nist_gear/msg/DetectedProduct.js
Symlinking /home/gents/ariac2020/ws/devel/share/gennodejs/ros/nist_gear/msg/Shipment.js
Symlinking /home/gents/ariac2020/ws/devel/share/gennodejs/ros/nist_gear/msg/StorageUnit.js
Symlinking /home/gents/ariac2020/ws/devel/share/gennodejs/ros/nist_gear/msg/PopulationState.js
Symlinking /home/gents/ariac2020/ws/devel/share/gennodejs/ros/nist_gear/msg/_index.js
Symlinking /home/gents/ariac2020/ws/devel/share/gennodejs/ros/nist_gear/msg/DetectedShipment.js
Symlinking /home/gents/ariac2020/ws/devel/share/gennodejs/ros/nist_gear/msg/Model.js
Symlinking /home/gents/ariac2020/ws/devel/share/gennodejs/ros/nist_gear/msg/Proximity.js
Symlinking /home/gents/ariac2020/ws/devel/share/nist_gear/cmake/nist_gearConfig-version.cmake
Symlinking /home/gents/ariac2020/ws/devel/share/nist_gear/cmake/nist_gearConfig.cmake
Symlinking /home/gents/ariac2020/ws/devel/share/nist_gear/cmake/nist_gear-msg-paths.cmake
Symlinking /home/gents/ariac2020/ws/devel/share/nist_gear/cmake/nist_gear-msg-extras.cmake
Symlinking /home/gents/ariac2020/ws/devel/share/roseus/ros/nist_gear/manifest.l
Symlinking /home/gents/ariac2020/ws/devel/share/roseus/ros/nist_gear/srv/SubmitTray.l
Symlinking /home/gents/ariac2020/ws/devel/share/roseus/ros/nist_gear/srv/VacuumGripperControl.l
Symlinking /home/gents/ariac2020/ws/devel/share/roseus/ros/nist_gear/srv/PopulationControl.l
Symlinking /home/gents/ariac2020/ws/devel/share/roseus/ros/nist_gear/srv/SubmitShipment.l
Symlinking /home/gents/ariac2020/ws/devel/share/roseus/ros/nist_gear/srv/DroneControl.l
Symlinking /home/gents/ariac2020/ws/devel/share/roseus/ros/nist_gear/srv/ConveyorBeltControl.l
Symlinking /home/gents/ariac2020/ws/devel/share/roseus/ros/nist_gear/srv/GetMaterialLocations.l
Symlinking /home/gents/ariac2020/ws/devel/share/roseus/ros/nist_gear/srv/AGVControl.l
Symlinking /home/gents/ariac2020/ws/devel/share/roseus/ros/nist_gear/srv/DetectShipment.l
Symlinking /home/gents/ariac2020/ws/devel/share/roseus/ros/nist_gear/msg/PopulationState.l
Symlinking /home/gents/ariac2020/ws/devel/share/roseus/ros/nist_gear/msg/VacuumGripperState.l
Symlinking /home/gents/ariac2020/ws/devel/share/roseus/ros/nist_gear/msg/LogicalCameraImage.l
Symlinking /home/gents/ariac2020/ws/devel/share/roseus/ros/nist_gear/msg/Model.l
Symlinking /home/gents/ariac2020/ws/devel/share/roseus/ros/nist_gear/msg/DetectedShipment.l
Symlinking /home/gents/ariac2020/ws/devel/share/roseus/ros/nist_gear/msg/ConveyorBeltState.l
Symlinking /home/gents/ariac2020/ws/devel/share/roseus/ros/nist_gear/msg/Proximity.l
Symlinking /home/gents/ariac2020/ws/devel/share/roseus/ros/nist_gear/msg/Product.l
Symlinking /home/gents/ariac2020/ws/devel/share/roseus/ros/nist_gear/msg/Order.l
Symlinking /home/gents/ariac2020/ws/devel/share/roseus/ros/nist_gear/msg/Shipment.l
Symlinking /home/gents/ariac2020/ws/devel/share/roseus/ros/nist_gear/msg/StorageUnit.l
Symlinking /home/gents/ariac2020/ws/devel/share/roseus/ros/nist_gear/msg/DetectedProduct.l
Symlinking /home/gents/ariac2020/ws/devel/include/nist_gear/AGVControlResponse.h
Symlinking /home/gents/ariac2020/ws/devel/include/nist_gear/SubmitTray.h
Symlinking /home/gents/ariac2020/ws/devel/include/nist_gear/Model.h
Symlinking /home/gents/ariac2020/ws/devel/include/nist_gear/PopulationControlResponse.h
Symlinking /home/gents/ariac2020/ws/devel/include/nist_gear/SubmitTrayResponse.h
Symlinking /home/gents/ariac2020/ws/devel/include/nist_gear/VacuumGripperState.h
Symlinking /home/gents/ariac2020/ws/devel/include/nist_gear/GetMaterialLocations.h
Symlinking /home/gents/ariac2020/ws/devel/include/nist_gear/SubmitShipment.h
Symlinking /home/gents/ariac2020/ws/devel/include/nist_gear/AGVControlRequest.h
Symlinking /home/gents/ariac2020/ws/devel/include/nist_gear/PopulationControl.h
Symlinking /home/gents/ariac2020/ws/devel/include/nist_gear/Product.h
Symlinking /home/gents/ariac2020/ws/devel/include/nist_gear/SubmitShipmentRequest.h
Symlinking /home/gents/ariac2020/ws/devel/include/nist_gear/VacuumGripperControlRequest.h
Symlinking /home/gents/ariac2020/ws/devel/include/nist_gear/Proximity.h
Symlinking /home/gents/ariac2020/ws/devel/include/nist_gear/DetectShipment.h
Symlinking /home/gents/ariac2020/ws/devel/include/nist_gear/DetectShipmentRequest.h
Symlinking /home/gents/ariac2020/ws/devel/include/nist_gear/StorageUnit.h
Symlinking /home/gents/ariac2020/ws/devel/include/nist_gear/DetectedShipment.h
Symlinking /home/gents/ariac2020/ws/devel/include/nist_gear/ConveyorBeltState.h
Symlinking /home/gents/ariac2020/ws/devel/include/nist_gear/DroneControlResponse.h
Symlinking /home/gents/ariac2020/ws/devel/include/nist_gear/DroneControl.h
Symlinking /home/gents/ariac2020/ws/devel/include/nist_gear/ConveyorBeltControlResponse.h
Symlinking /home/gents/ariac2020/ws/devel/include/nist_gear/GetMaterialLocationsResponse.h
Symlinking /home/gents/ariac2020/ws/devel/include/nist_gear/GetMaterialLocationsRequest.h
Symlinking /home/gents/ariac2020/ws/devel/include/nist_gear/AGVControl.h
Symlinking /home/gents/ariac2020/ws/devel/include/nist_gear/Shipment.h
Symlinking /home/gents/ariac2020/ws/devel/include/nist_gear/PopulationControlRequest.h
Symlinking /home/gents/ariac2020/ws/devel/include/nist_gear/Order.h
Symlinking /home/gents/ariac2020/ws/devel/include/nist_gear/ConveyorBeltControl.h
Symlinking /home/gents/ariac2020/ws/devel/include/nist_gear/VacuumGripperControlResponse.h
Symlinking /home/gents/ariac2020/ws/devel/include/nist_gear/SubmitShipmentResponse.h
Symlinking /home/gents/ariac2020/ws/devel/include/nist_gear/PopulationState.h
Symlinking /home/gents/ariac2020/ws/devel/include/nist_gear/LogicalCameraImage.h
Symlinking /home/gents/ariac2020/ws/devel/include/nist_gear/DetectShipmentResponse.h
Symlinking /home/gents/ariac2020/ws/devel/include/nist_gear/VacuumGripperControl.h
Symlinking /home/gents/ariac2020/ws/devel/include/nist_gear/DetectedProduct.h
Symlinking /home/gents/ariac2020/ws/devel/include/nist_gear/SubmitTrayRequest.h
Symlinking /home/gents/ariac2020/ws/devel/include/nist_gear/ConveyorBeltControlRequest.h
Symlinking /home/gents/ariac2020/ws/devel/include/nist_gear/DroneControlRequest.h
Symlinking /home/gents/ariac2020/ws/devel/lib/libROSProximityRayPlugin.so
Symlinking /home/gents/ariac2020/ws/devel/lib/libROSPopulationPlugin.so
Symlinking /home/gents/ariac2020/ws/devel/lib/libSideContactPlugin.so
Symlinking /home/gents/ariac2020/ws/devel/lib/libVacuumGripperPlugin.so
Symlinking /home/gents/ariac2020/ws/devel/lib/libROSLaserPlugin.so
Symlinking /home/gents/ariac2020/ws/devel/lib/libConveyorCongestionPlugin.so
Symlinking /home/gents/ariac2020/ws/devel/lib/libSensorBlackoutPlugin.so
Symlinking /home/gents/ariac2020/ws/devel/lib/libAriacScorer.so
Symlinking /home/gents/ariac2020/ws/devel/lib/libROSAGVPlugin.so
Symlinking /home/gents/ariac2020/ws/devel/lib/libToggleVisualPlugin.so
Symlinking /home/gents/ariac2020/ws/devel/lib/libROSAriacKitTrayPlugin.so
Symlinking /home/gents/ariac2020/ws/devel/lib/libROSConveyorBeltPlugin.so
Symlinking /home/gents/ariac2020/ws/devel/lib/libObjectDisposalPlugin.so
Symlinking /home/gents/ariac2020/ws/devel/lib/libROSAriacTaskManagerPlugin.so
Symlinking /home/gents/ariac2020/ws/devel/lib/libPopulationPlugin.so
Symlinking /home/gents/ariac2020/ws/devel/lib/libProximityRayPlugin.so
Symlinking /home/gents/ariac2020/ws/devel/lib/libROSLogicalCameraPlugin.so
Symlinking /home/gents/ariac2020/ws/devel/lib/libLogPlaybackPlugin.so
Symlinking /home/gents/ariac2020/ws/devel/lib/libROSVacuumGripperPlugin.so
Symlinking /home/gents/ariac2020/ws/devel/lib/libConveyorBeltPlugin.so
Symlinking /home/gents/ariac2020/ws/devel/lib/python2.7/dist-packages/nist_gear/__init__.py
Symlinking /home/gents/ariac2020/ws/devel/lib/python2.7/dist-packages/nist_gear/srv/_VacuumGripperControl.py
Symlinking /home/gents/ariac2020/ws/devel/lib/python2.7/dist-packages/nist_gear/srv/_PopulationControl.py
Symlinking /home/gents/ariac2020/ws/devel/lib/python2.7/dist-packages/nist_gear/srv/_AGVControl.py
Symlinking /home/gents/ariac2020/ws/devel/lib/python2.7/dist-packages/nist_gear/srv/_DetectShipment.py
Symlinking /home/gents/ariac2020/ws/devel/lib/python2.7/dist-packages/nist_gear/srv/_ConveyorBeltControl.py
Symlinking /home/gents/ariac2020/ws/devel/lib/python2.7/dist-packages/nist_gear/srv/_DroneControl.py
Symlinking /home/gents/ariac2020/ws/devel/lib/python2.7/dist-packages/nist_gear/srv/_SubmitTray.py
Symlinking /home/gents/ariac2020/ws/devel/lib/python2.7/dist-packages/nist_gear/srv/_SubmitShipment.py
Symlinking /home/gents/ariac2020/ws/devel/lib/python2.7/dist-packages/nist_gear/srv/__init__.py
Symlinking /home/gents/ariac2020/ws/devel/lib/python2.7/dist-packages/nist_gear/srv/_GetMaterialLocations.py
Symlinking /home/gents/ariac2020/ws/devel/lib/python2.7/dist-packages/nist_gear/msg/_Model.py
Symlinking /home/gents/ariac2020/ws/devel/lib/python2.7/dist-packages/nist_gear/msg/_VacuumGripperState.py
Symlinking /home/gents/ariac2020/ws/devel/lib/python2.7/dist-packages/nist_gear/msg/_PopulationState.py
Symlinking /home/gents/ariac2020/ws/devel/lib/python2.7/dist-packages/nist_gear/msg/_ConveyorBeltState.py
Symlinking /home/gents/ariac2020/ws/devel/lib/python2.7/dist-packages/nist_gear/msg/_StorageUnit.py
Symlinking /home/gents/ariac2020/ws/devel/lib/python2.7/dist-packages/nist_gear/msg/_Proximity.py
Symlinking /home/gents/ariac2020/ws/devel/lib/python2.7/dist-packages/nist_gear/msg/_Order.py
Symlinking /home/gents/ariac2020/ws/devel/lib/python2.7/dist-packages/nist_gear/msg/_DetectedShipment.py
Symlinking /home/gents/ariac2020/ws/devel/lib/python2.7/dist-packages/nist_gear/msg/__init__.py
Symlinking /home/gents/ariac2020/ws/devel/lib/python2.7/dist-packages/nist_gear/msg/_Product.py
Symlinking /home/gents/ariac2020/ws/devel/lib/python2.7/dist-packages/nist_gear/msg/_LogicalCameraImage.py
Symlinking /home/gents/ariac2020/ws/devel/lib/python2.7/dist-packages/nist_gear/msg/_Shipment.py
Symlinking /home/gents/ariac2020/ws/devel/lib/python2.7/dist-packages/nist_gear/msg/_DetectedProduct.py
Symlinking /home/gents/ariac2020/ws/devel/lib/nist_gear/tf2_relay
Symlinking /home/gents/ariac2020/ws/devel/lib/pkgconfig/nist_gear.pc
