[  0%] Built target _nist_gear_generate_messages_check_deps_LogicalCameraImage
[  0%] Built target _nist_gear_generate_messages_check_deps_Product
[  0%] Built target _nist_gear_generate_messages_check_deps_DroneControl
[  0%] Built target _nist_gear_generate_messages_check_deps_Shipment
[  0%] Built target _nist_gear_generate_messages_check_deps_StorageUnit
[  0%] Built target _nist_gear_generate_messages_check_deps_DetectedProduct
[  0%] Built target _nist_gear_generate_messages_check_deps_SubmitTray
[  0%] Built target _nist_gear_generate_messages_check_deps_DetectedShipment
[  0%] Built target _nist_gear_generate_messages_check_deps_Order
[  0%] Built target _nist_gear_generate_messages_check_deps_DetectShipment
[  0%] Built target _nist_gear_generate_messages_check_deps_PopulationControl
[  0%] Built target _nist_gear_generate_messages_check_deps_SubmitShipment
[  0%] Built target _nist_gear_generate_messages_check_deps_VacuumGripperState
[  0%] Built target _nist_gear_generate_messages_check_deps_GetMaterialLocations
[  0%] Built target _nist_gear_generate_messages_check_deps_Proximity
[  0%] Built target _nist_gear_generate_messages_check_deps_AGVControl
[  0%] Built target geometry_msgs_generate_messages_lisp
[  0%] Built target _nist_gear_generate_messages_check_deps_PopulationState
[  0%] Built target std_msgs_generate_messages_lisp
[  0%] Built target _nist_gear_generate_messages_check_deps_ConveyorBeltState
[  0%] Built target _nist_gear_generate_messages_check_deps_Model
[  0%] Built target _nist_gear_generate_messages_check_deps_VacuumGripperControl
[  0%] Built target std_msgs_generate_messages_nodejs
[  0%] Built target geometry_msgs_generate_messages_eus
[  0%] Built target geometry_msgs_generate_messages_nodejs
[  0%] Built target _nist_gear_generate_messages_check_deps_ConveyorBeltControl
[  0%] Built target std_msgs_generate_messages_eus
[  0%] Built target geometry_msgs_generate_messages_cpp
[  0%] Built target geometry_msgs_generate_messages_py
[  1%] Built target PopulationPlugin
[  1%] Built target std_msgs_generate_messages_py
[  2%] Built target SensorBlackoutPlugin
[  2%] Built target std_msgs_generate_messages_cpp
[  4%] Built target SideContactPlugin
[  5%] Built target ProximityRayPlugin
[  6%] Built target VacuumGripperPlugin
[  8%] Built target tf2_relay
[ 22%] Built target nist_gear_generate_messages_lisp
[ 23%] Built target ToggleVisualPlugin
[ 25%] Built target LogPlaybackPlugin
[ 39%] Built target nist_gear_generate_messages_nodejs
[ 53%] Built target nist_gear_generate_messages_eus
[ 67%] Built target nist_gear_generate_messages_cpp
[ 82%] Built target nist_gear_generate_messages_py
[ 84%] Built target ObjectDisposalPlugin
[ 86%] Built target ROSAriacKitTrayPlugin
[ 88%] Built target ConveyorCongestionPlugin
[ 89%] Built target ROSLogicalCameraPlugin
[ 90%] Built target ConveyorBeltPlugin
[ 91%] Built target ROSVacuumGripperPlugin
[ 92%] Built target ROSAGVPlugin
[ 92%] Built target nist_gear_generate_messages
[ 93%] Built target ROSLaserPlugin
[ 94%] Built target ROSProximityRayPlugin
[ 95%] Built target AriacScorer
[ 96%] Built target ROSConveyorBeltPlugin
[ 98%] Built target ROSPopulationPlugin
[100%] Built target ROSAriacTaskManagerPlugin
