[  0%] Built target _nist_gear_generate_messages_check_deps_Shipment
[  0%] Built target _nist_gear_generate_messages_check_deps_Product
[  0%] Built target _nist_gear_generate_messages_check_deps_LogicalCameraImage
[  0%] Built target _nist_gear_generate_messages_check_deps_DroneControl
[  0%] Built target _nist_gear_generate_messages_check_deps_DetectedProduct
[  0%] Built target _nist_gear_generate_messages_check_deps_StorageUnit
[  0%] Built target _nist_gear_generate_messages_check_deps_SubmitTray
[  0%] Built target _nist_gear_generate_messages_check_deps_DetectedShipment
[  0%] Built target _nist_gear_generate_messages_check_deps_Order
[  0%] Built target _nist_gear_generate_messages_check_deps_DetectShipment
[  0%] Built target _nist_gear_generate_messages_check_deps_SubmitShipment
[  0%] Built target _nist_gear_generate_messages_check_deps_PopulationControl
[  0%] Built target _nist_gear_generate_messages_check_deps_AGVControl
[  0%] Built target _nist_gear_generate_messages_check_deps_VacuumGripperState
[  0%] Built target _nist_gear_generate_messages_check_deps_Proximity
[  0%] Built target _nist_gear_generate_messages_check_deps_GetMaterialLocations
[  0%] Built target geometry_msgs_generate_messages_lisp
[  0%] Built target _nist_gear_generate_messages_check_deps_PopulationState
[  0%] Built target _nist_gear_generate_messages_check_deps_ConveyorBeltState
[  0%] Built target _nist_gear_generate_messages_check_deps_VacuumGripperControl
[  0%] Built target std_msgs_generate_messages_lisp
[  0%] Built target _nist_gear_generate_messages_check_deps_ConveyorBeltControl
[  0%] Built target std_msgs_generate_messages_nodejs
[  0%] Built target geometry_msgs_generate_messages_nodejs
[  0%] Built target std_msgs_generate_messages_eus
[  0%] Built target _nist_gear_generate_messages_check_deps_Model
[  0%] Built target geometry_msgs_generate_messages_eus
[  0%] Built target geometry_msgs_generate_messages_py
[  0%] Built target geometry_msgs_generate_messages_cpp
[  0%] Built target std_msgs_generate_messages_cpp
[  0%] Built target std_msgs_generate_messages_py
[  2%] Built target SideContactPlugin
[  3%] Built target PopulationPlugin
[  4%] Built target ProximityRayPlugin
[  5%] Built target SensorBlackoutPlugin
[  6%] Built target VacuumGripperPlugin
[  8%] Built target tf2_relay
[  9%] Built target ToggleVisualPlugin
[ 10%] Built target LogPlaybackPlugin
[ 25%] Built target nist_gear_generate_messages_lisp
[ 39%] Built target nist_gear_generate_messages_eus
[ 53%] Built target nist_gear_generate_messages_nodejs
[ 68%] Built target nist_gear_generate_messages_py
[ 82%] Built target nist_gear_generate_messages_cpp
[ 83%] Built target ConveyorBeltPlugin
[ 85%] Built target ObjectDisposalPlugin
[ 88%] Built target ROSAriacKitTrayPlugin
[ 89%] Built target ROSLogicalCameraPlugin
[ 90%] Built target ROSConveyorBeltPlugin
[ 91%] Built target ConveyorCongestionPlugin
[ 92%] Built target ROSAGVPlugin
[ 93%] Built target ROSVacuumGripperPlugin
[ 93%] Built target nist_gear_generate_messages
[ 94%] Built target ROSProximityRayPlugin
[ 96%] Built target ROSPopulationPlugin
[ 97%] Built target ROSLaserPlugin
[ 98%] Built target AriacScorer
[100%] Built target ROSAriacTaskManagerPlugin
